<?xml version="1.0" encoding="UTF-8"?>
<!-- Generated by org.testng.reporters.JUnitReportReporter -->
<testsuite hostname="LAPTOP-SPU04J46" name="com.mycompany.mavenproject1.Mavenproject1NGTest" tests="1" failures="0" timestamp="24 Dec 2022 16:49:24 GMT" time="0.035" errors="0">
  <testcase name="testIsEven" time="0.035" classname="com.mycompany.mavenproject1.Mavenproject1NGTest"/>
</testsuite> <!-- com.mycompany.mavenproject1.Mavenproject1NGTest -->
