<?xml version="1.0" encoding="UTF-8"?>
<!-- Generated by org.testng.reporters.JUnitReportReporter -->
<testsuite hostname="Bassel-Essam" name="com.mycompany.mavenproject1.Mavenproject1IT" tests="1" failures="0" timestamp="27 Dec 2022 23:35:28 GMT" time="13.343" errors="0">
  <testcase name="testLogin" time="13.343" classname="com.mycompany.mavenproject1.Mavenproject1IT"/>
</testsuite> <!-- com.mycompany.mavenproject1.Mavenproject1IT -->
