<?xml version="1.0" encoding="UTF-8"?>
<!-- Generated by org.testng.reporters.JUnitReportReporter -->
<testsuite hostname="LAPTOP-SPU04J46" name="com.mycompany.mavenproject1.TestMavinIT_Organized" tests="2" failures="0" timestamp="24 Dec 2022 16:42:05 GMT" time="16.537" errors="0">
  <testcase name="testTabAdmin" time="5.862" classname="com.mycompany.mavenproject1.TestMavinIT_Organized"/>
  <testcase name="testLogin" time="10.675" classname="com.mycompany.mavenproject1.TestMavinIT_Organized"/>
</testsuite> <!-- com.mycompany.mavenproject1.TestMavinIT_Organized -->
